[15:25:48] [WALLET/VERB] new asset USDT
[15:25:48] [WALLET/VERB] new asset EUR
[15:25:49] [COIN_MANAGER/VERB] Got symbol info for BCCUSDT
[15:25:49] [COIN_MANAGER/VERB] Got symbol info for NEOUSDT
[15:25:49] [COIN_MANAGER/VERB] Got symbol info for QTUMUSDT
[15:25:49] [COIN_MANAGER/VERB] Got symbol info for ADAUSDT
[15:25:49] [COIN_MANAGER/VERB] Got symbol info for IOTAUSDT
[15:25:49] [COIN_MANAGER/VERB] Got symbol info for XLMUSDT
[15:25:49] [COIN_MANAGER/VERB] Got symbol info for ONTUSDT
[15:25:49] [COIN_MANAGER/VERB] Got symbol info for ICXUSDT
[15:25:49] [COIN_MANAGER/VERB] Got symbol info for VENUSDT
[15:25:49] [COIN_MANAGER/VERB] Got symbol info for NULSUSDT
[15:25:49] [COIN_MANAGER/VERB] Got symbol info for VETUSDT
[15:25:49] [COIN_MANAGER/VERB] Got symbol info for BCHABCUSDT
[15:25:49] [COIN_MANAGER/VERB] Got symbol info for BCHSVUSDT
[15:25:49] [COIN_MANAGER/VERB] Got symbol info for LINKUSDT
[15:25:49] [COIN_MANAGER/VERB] Got symbol info for WAVESUSDT
[15:25:49] [COIN_MANAGER/VERB] Got symbol info for BTTUSDT
[15:25:49] [COIN_MANAGER/VERB] Got symbol info for USDSUSDT
[15:25:49] [COIN_MANAGER/VERB] Got symbol info for ONGUSDT
[15:25:49] [COIN_MANAGER/VERB] Got symbol info for HOTUSDT
[15:25:49] [COIN_MANAGER/VERB] Got symbol info for ZILUSDT
[15:25:49] [COIN_MANAGER/VERB] Got symbol info for ZRXUSDT
[15:25:49] [COIN_MANAGER/VERB] Got symbol info for FETUSDT
[15:25:49] [COIN_MANAGER/VERB] Got symbol info for BATUSDT
[15:25:49] [COIN_MANAGER/VERB] Got symbol info for XMRUSDT
[15:25:49] [COIN_MANAGER/VERB] Got symbol info for ZECUSDT
[15:25:49] [COIN_MANAGER/VERB] Got symbol info for IOSTUSDT
[15:25:49] [COIN_MANAGER/VERB] Got symbol info for CELRUSDT
[15:25:49] [COIN_MANAGER/VERB] Got symbol info for DASHUSDT
[15:25:49] [COIN_MANAGER/VERB] Got symbol info for NANOUSDT
[15:25:49] [COIN_MANAGER/VERB] Got symbol info for OMGUSDT
[15:25:49] [COIN_MANAGER/VERB] Got symbol info for THETAUSDT
[15:25:49] [COIN_MANAGER/VERB] Got symbol info for ENJUSDT
[15:25:49] [COIN_MANAGER/VERB] Got symbol info for MITHUSDT
[15:25:49] [COIN_MANAGER/VERB] Got symbol info for ATOMUSDT
[15:25:49] [COIN_MANAGER/VERB] Got symbol info for TFUELUSDT
[15:25:49] [COIN_MANAGER/VERB] Got symbol info for ONEUSDT
[15:25:49] [COIN_MANAGER/VERB] Got symbol info for FTMUSDT
[15:25:49] [COIN_MANAGER/VERB] Got symbol info for ALGOUSDT
[15:25:49] [COIN_MANAGER/VERB] Got symbol info for USDSBUSDT
[15:25:49] [COIN_MANAGER/VERB] Got symbol info for GTOUSDT
[15:25:49] [COIN_MANAGER/VERB] Got symbol info for ERDUSDT
[15:25:49] [COIN_MANAGER/VERB] Got symbol info for DOGEUSDT
[15:25:49] [COIN_MANAGER/VERB] Got symbol info for DUSKUSDT
[15:25:49] [COIN_MANAGER/VERB] Got symbol info for ANKRUSDT
[15:25:49] [COIN_MANAGER/VERB] Got symbol info for WINUSDT
[15:25:49] [COIN_MANAGER/VERB] Got symbol info for COSUSDT
[15:25:49] [COIN_MANAGER/VERB] Got symbol info for NPXSUSDT
[15:25:49] [COIN_MANAGER/VERB] Got symbol info for COCOSUSDT
[15:25:49] [COIN_MANAGER/VERB] Got symbol info for MTLUSDT
[15:25:49] [COIN_MANAGER/VERB] Got symbol info for TOMOUSDT
[15:25:49] [COIN_MANAGER/VERB] Got symbol info for PERLUSDT
[15:25:49] [COIN_MANAGER/VERB] Got symbol info for DENTUSDT
[15:25:49] [COIN_MANAGER/VERB] Got symbol info for MFTUSDT
[15:25:49] [COIN_MANAGER/VERB] Got symbol info for KEYUSDT
[15:25:49] [COIN_MANAGER/VERB] Got symbol info for STORMUSDT
[15:25:49] [COIN_MANAGER/VERB] Got symbol info for DOCKUSDT
[15:25:49] [COIN_MANAGER/VERB] Got symbol info for WANUSDT
[15:25:49] [COIN_MANAGER/VERB] Got symbol info for FUNUSDT
[15:25:49] [COIN_MANAGER/VERB] Got symbol info for CVCUSDT
[15:25:49] [COIN_MANAGER/VERB] Got symbol info for BANDUSDT
[15:25:49] [COIN_MANAGER/VERB] Got symbol info for BEAMUSDT
[15:25:49] [COIN_MANAGER/VERB] Got symbol info for XTZUSDT
[15:25:49] [COIN_MANAGER/VERB] Got symbol info for RENUSDT
[15:25:49] [COIN_MANAGER/VERB] Got symbol info for RVNUSDT
[15:25:49] [COIN_MANAGER/VERB] Got symbol info for HCUSDT
[15:25:49] [COIN_MANAGER/VERB] Got symbol info for HBARUSDT
[15:25:49] [COIN_MANAGER/VERB] Got symbol info for NKNUSDT
[15:25:49] [COIN_MANAGER/VERB] Got symbol info for STXUSDT
[15:25:49] [COIN_MANAGER/VERB] Got symbol info for KAVAUSDT
[15:25:49] [COIN_MANAGER/VERB] Got symbol info for ARPAUSDT
[15:25:49] [COIN_MANAGER/VERB] Got symbol info for IOTXUSDT
[15:25:49] [COIN_MANAGER/VERB] Got symbol info for RLCUSDT
[15:25:49] [COIN_MANAGER/VERB] Got symbol info for MCOUSDT
[15:25:49] [COIN_MANAGER/VERB] Got symbol info for CTXCUSDT
[15:25:49] [COIN_MANAGER/VERB] Got symbol info for BCHUSDT
[15:25:49] [COIN_MANAGER/VERB] Got symbol info for TROYUSDT
[15:25:49] [COIN_MANAGER/VERB] Got symbol info for VITEUSDT
[15:25:49] [COIN_MANAGER/VERB] Got symbol info for FTTUSDT
[15:25:49] [COIN_MANAGER/VERB] Got symbol info for BTCEUR
[15:25:49] [COIN_MANAGER/VERB] Got symbol info for ETHEUR
[15:25:49] [COIN_MANAGER/VERB] Got symbol info for BNBEUR
[15:25:49] [COIN_MANAGER/VERB] Got symbol info for XRPEUR
[15:25:49] [COIN_MANAGER/VERB] Got symbol info for OGNUSDT
[15:25:49] [COIN_MANAGER/VERB] Got symbol info for DREPUSDT
[15:25:49] [COIN_MANAGER/VERB] Got symbol info for TCTUSDT
[15:25:49] [COIN_MANAGER/VERB] Got symbol info for BTSUSDT
[15:25:49] [COIN_MANAGER/VERB] Got symbol info for LSKUSDT
[15:25:49] [COIN_MANAGER/VERB] Got symbol info for BNTUSDT
[15:25:49] [COIN_MANAGER/VERB] Got symbol info for LTOUSDT
[15:25:49] [COIN_MANAGER/VERB] Got symbol info for STRATUSDT
[15:25:49] [COIN_MANAGER/VERB] Got symbol info for AIONUSDT
[15:25:49] [COIN_MANAGER/VERB] Got symbol info for MBLUSDT
[15:25:49] [COIN_MANAGER/VERB] Got symbol info for COTIUSDT
[15:25:49] [COIN_MANAGER/VERB] Got symbol info for STPTUSDT
[15:25:49] [COIN_MANAGER/VERB] Got symbol info for WTCUSDT
[15:25:49] [COIN_MANAGER/VERB] Got symbol info for DATAUSDT
[15:25:49] [COIN_MANAGER/VERB] Got symbol info for XZCUSDT
[15:25:49] [COIN_MANAGER/VERB] Got symbol info for SOLUSDT
[15:25:49] [COIN_MANAGER/VERB] Got symbol info for CTSIUSDT
[15:25:49] [COIN_MANAGER/VERB] Got symbol info for HIVEUSDT
[15:25:49] [COIN_MANAGER/VERB] Got symbol info for CHRUSDT
[15:25:49] [COIN_MANAGER/VERB] Got symbol info for GXSUSDT
[15:25:49] [COIN_MANAGER/VERB] Got symbol info for ARDRUSDT
[15:25:49] [COIN_MANAGER/VERB] Got symbol info for LENDUSDT
[15:25:49] [COIN_MANAGER/VERB] Got symbol info for MDTUSDT
[15:25:49] [COIN_MANAGER/VERB] Got symbol info for STMXUSDT
[15:25:49] [COIN_MANAGER/VERB] Got symbol info for KNCUSDT
[15:25:49] [COIN_MANAGER/VERB] Got symbol info for REPUSDT
[15:25:49] [COIN_MANAGER/VERB] Got symbol info for LRCUSDT
[15:25:49] [COIN_MANAGER/VERB] Got symbol info for PNTUSDT
[15:25:49] [COIN_MANAGER/VERB] Got symbol info for COMPUSDT
[15:25:49] [COIN_MANAGER/VERB] Got symbol info for BKRWUSDT
[15:25:49] [COIN_MANAGER/VERB] Got symbol info for SCUSDT
[15:25:49] [COIN_MANAGER/VERB] Got symbol info for ZENUSDT
[15:25:49] [COIN_MANAGER/VERB] Got symbol info for SNXUSDT
[15:25:49] [COIN_MANAGER/VERB] Got symbol info for VTHOUSDT
[15:25:49] [COIN_MANAGER/VERB] Got symbol info for DGBUSDT
[15:25:49] [COIN_MANAGER/VERB] Got symbol info for SXPUSDT
[15:25:49] [COIN_MANAGER/VERB] Got symbol info for MKRUSDT
[15:25:49] [COIN_MANAGER/VERB] Got symbol info for DAIUSDT
[15:25:49] [COIN_MANAGER/VERB] Got symbol info for DCRUSDT
[15:25:49] [COIN_MANAGER/VERB] Got symbol info for STORJUSDT
[15:25:49] [COIN_MANAGER/VERB] Got symbol info for MANAUSDT
[15:25:49] [COIN_MANAGER/VERB] Got symbol info for YFIUSDT
[15:25:49] [COIN_MANAGER/VERB] Got symbol info for BALUSDT
[15:25:49] [COIN_MANAGER/VERB] Got symbol info for BLZUSDT
[15:25:49] [COIN_MANAGER/VERB] Got symbol info for IRISUSDT
[15:25:49] [COIN_MANAGER/VERB] Got symbol info for KMDUSDT
[15:25:49] [COIN_MANAGER/VERB] Got symbol info for JSTUSDT
[15:25:49] [COIN_MANAGER/VERB] Got symbol info for SRMUSDT
[15:25:49] [COIN_MANAGER/VERB] Got symbol info for ANTUSDT
[15:25:49] [COIN_MANAGER/VERB] Got symbol info for CRVUSDT
[15:25:49] [COIN_MANAGER/VERB] Got symbol info for SANDUSDT
[15:25:49] [COIN_MANAGER/VERB] Got symbol info for OCEANUSDT
[15:25:49] [COIN_MANAGER/VERB] Got symbol info for NMRUSDT
[15:25:49] [COIN_MANAGER/VERB] Got symbol info for LUNAUSDT
[15:25:49] [COIN_MANAGER/VERB] Got symbol info for RSRUSDT
[15:25:49] [COIN_MANAGER/VERB] Got symbol info for PAXGUSDT
[15:25:49] [COIN_MANAGER/VERB] Got symbol info for WNXMUSDT
[15:25:49] [COIN_MANAGER/VERB] Got symbol info for TRBUSDT
[15:25:49] [COIN_MANAGER/VERB] Got symbol info for BZRXUSDT
[15:25:49] [COIN_MANAGER/VERB] Got symbol info for SUSHIUSDT
[15:25:49] [COIN_MANAGER/VERB] Got symbol info for YFIIUSDT
[15:25:49] [COIN_MANAGER/VERB] Got symbol info for KSMUSDT
[15:25:49] [COIN_MANAGER/VERB] Got symbol info for EGLDUSDT
[15:25:49] [COIN_MANAGER/VERB] Got symbol info for DIAUSDT
[15:25:49] [COIN_MANAGER/VERB] Got symbol info for FIOUSDT
[15:25:49] [COIN_MANAGER/VERB] Got symbol info for UMAUSDT
[15:25:49] [COIN_MANAGER/VERB] Got symbol info for BELUSDT
[15:25:49] [COIN_MANAGER/VERB] Got symbol info for WINGUSDT
[15:25:49] [COIN_MANAGER/VERB] Got symbol info for NBSUSDT
[15:25:49] [COIN_MANAGER/VERB] Got symbol info for OXTUSDT
[15:25:49] [COIN_MANAGER/VERB] Got symbol info for SUNUSDT
[15:25:49] [COIN_MANAGER/VERB] Got symbol info for HNTUSDT
[15:25:49] [COIN_MANAGER/VERB] Got symbol info for FLMUSDT
[15:25:49] [COIN_MANAGER/VERB] Got symbol info for ORNUSDT
[15:25:49] [COIN_MANAGER/VERB] Got symbol info for UTKUSDT
[15:25:49] [COIN_MANAGER/VERB] Got symbol info for XVSUSDT
[15:25:49] [COIN_MANAGER/VERB] Got symbol info for ALPHAUSDT
[15:25:49] [COIN_MANAGER/VERB] Got symbol info for AAVEUSDT
[15:25:49] [COIN_MANAGER/VERB] Got symbol info for NEARUSDT
[15:25:49] [COIN_MANAGER/VERB] Got symbol info for FILUSDT
[15:25:49] [COIN_MANAGER/VERB] Got symbol info for INJUSDT
[15:25:49] [COIN_MANAGER/VERB] Got symbol info for AUDIOUSDT
[15:25:49] [COIN_MANAGER/VERB] Got symbol info for CTKUSDT
[15:25:49] [COIN_MANAGER/VERB] Got symbol info for DOTEUR
[15:25:49] [COIN_MANAGER/VERB] Got symbol info for AKROUSDT
[15:25:49] [COIN_MANAGER/VERB] Got symbol info for AXSUSDT
[15:25:49] [COIN_MANAGER/VERB] Got symbol info for HARDUSDT
[15:25:49] [COIN_MANAGER/VERB] Got symbol info for LTCEUR
[15:25:49] [COIN_MANAGER/VERB] Got symbol info for DNTUSDT
[15:25:49] [COIN_MANAGER/VERB] Got symbol info for STRAXUSDT
[15:25:49] [COIN_MANAGER/VERB] Got symbol info for UNFIUSDT
[15:25:49] [COIN_MANAGER/VERB] Got symbol info for ROSEUSDT
[15:25:49] [COIN_MANAGER/VERB] Got symbol info for AVAUSDT
[15:25:49] [COIN_MANAGER/VERB] Got symbol info for XEMUSDT
[15:25:49] [COIN_MANAGER/VERB] Got symbol info for SKLUSDT
[15:25:49] [COIN_MANAGER/VERB] Got symbol info for SUSDUSDT
[15:25:49] [COIN_MANAGER/VERB] Got symbol info for GRTUSDT
[15:25:49] [COIN_MANAGER/VERB] Got symbol info for JUVUSDT
[15:25:49] [COIN_MANAGER/VERB] Got symbol info for PSGUSDT
[15:25:49] [COIN_MANAGER/VERB] Got symbol info for 1INCHUSDT
[15:25:49] [COIN_MANAGER/VERB] Got symbol info for REEFUSDT
[15:25:49] [COIN_MANAGER/VERB] Got symbol info for OGUSDT
[15:25:49] [COIN_MANAGER/VERB] Got symbol info for ATMUSDT
[15:25:49] [COIN_MANAGER/VERB] Got symbol info for ASRUSDT
[15:25:49] [COIN_MANAGER/VERB] Got symbol info for CELOUSDT
[15:25:49] [COIN_MANAGER/VERB] Got symbol info for RIFUSDT
[15:25:49] [COIN_MANAGER/VERB] Got symbol info for BTCSTUSDT
[15:25:49] [COIN_MANAGER/VERB] Got symbol info for TRUUSDT
[15:25:49] [COIN_MANAGER/VERB] Got symbol info for EOSEUR
[15:25:49] [COIN_MANAGER/VERB] Got symbol info for CKBUSDT
[15:25:49] [COIN_MANAGER/VERB] Got symbol info for TWTUSDT
[15:25:49] [COIN_MANAGER/VERB] Got symbol info for FIROUSDT
[15:25:49] [COIN_MANAGER/VERB] Got symbol info for LITUSDT
[15:25:49] [COIN_MANAGER/VERB] Got symbol info for SFPUSDT
[15:25:49] [COIN_MANAGER/VERB] Got symbol info for DODOUSDT
[15:25:49] [COIN_MANAGER/VERB] Got symbol info for CAKEUSDT
[15:25:49] [COIN_MANAGER/VERB] Got symbol info for ACMUSDT
[15:25:49] [COIN_MANAGER/VERB] Got symbol info for BADGERUSDT
[15:25:49] [COIN_MANAGER/VERB] Got symbol info for FISUSDT
[15:25:49] [COIN_MANAGER/VERB] Got symbol info for OMUSDT
[15:25:49] [COIN_MANAGER/VERB] Got symbol info for PONDUSDT
[15:25:49] [COIN_MANAGER/VERB] Got symbol info for DEGOUSDT
[15:25:49] [COIN_MANAGER/VERB] Got symbol info for AVAXEUR
[15:25:49] [COIN_MANAGER/VERB] Got symbol info for UNIEUR
[15:25:49] [COIN_MANAGER/VERB] Got symbol info for ALICEUSDT
[15:25:49] [COIN_MANAGER/VERB] Got symbol info for CHZEUR
[15:25:49] [COIN_MANAGER/VERB] Got symbol info for LINAUSDT
[15:25:49] [COIN_MANAGER/VERB] Got symbol info for MATICEUR
[15:25:49] [COIN_MANAGER/VERB] Got symbol info for PERPUSDT
[15:25:49] [COIN_MANAGER/VERB] Got symbol info for RAMPUSDT
[15:25:49] [COIN_MANAGER/VERB] Got symbol info for SUPERUSDT
[15:25:49] [COIN_MANAGER/VERB] Got symbol info for CFXUSDT
[15:25:49] [COIN_MANAGER/VERB] Got symbol info for EPSUSDT
[15:25:49] [COIN_MANAGER/VERB] Got symbol info for AUTOUSDT
[15:25:49] [COIN_MANAGER/VERB] Got symbol info for TKOUSDT
[15:25:49] [COIN_MANAGER/VERB] Got symbol info for PUNDIXUSDT
[15:25:49] [COIN_MANAGER/VERB] Got symbol info for TLMUSDT
[15:25:49] [COIN_MANAGER/VERB] Got symbol info for BTGUSDT
[15:25:49] [COIN_MANAGER/VERB] Got symbol info for MIRUSDT
[15:25:49] [COIN_MANAGER/VERB] Got symbol info for BARUSDT
[15:25:49] [COIN_MANAGER/VERB] Got symbol info for FORTHUSDT
[15:25:49] [COIN_MANAGER/VERB] Got symbol info for WRXEUR
[15:25:49] [COIN_MANAGER/VERB] Got symbol info for BAKEUSDT
[15:25:49] [COIN_MANAGER/VERB] Got symbol info for BURGERUSDT
[15:25:49] [COIN_MANAGER/VERB] Got symbol info for SLPUSDT
[15:25:49] [COIN_MANAGER/VERB] Got symbol info for TRXEUR
[15:25:49] [COIN_MANAGER/VERB] Got symbol info for ICPUSDT
[15:25:49] [COIN_MANAGER/VERB] Got symbol info for SHIBEUR
[15:25:49] [COIN_MANAGER/VERB] Got symbol info for ETCEUR
[15:25:49] [COIN_MANAGER/VERB] Got symbol info for ARUSDT
[15:25:49] [COIN_MANAGER/VERB] Got symbol info for POLSUSDT
[15:25:49] [COIN_MANAGER/VERB] Got symbol info for MDXUSDT
[15:25:49] [COIN_MANAGER/VERB] Got symbol info for MASKUSDT
[15:25:49] [COIN_MANAGER/VERB] Got symbol info for LPTUSDT
[15:25:49] [COIN_MANAGER/VERB] Got symbol info for NUUSDT
[15:25:49] [COIN_MANAGER/VERB] Got symbol info for XVGUSDT
[15:25:49] [COIN_MANAGER/VERB] Got symbol info for ATAUSDT
[15:25:49] [COIN_MANAGER/VERB] Got symbol info for GTCUSDT
[15:25:49] [COIN_MANAGER/VERB] Got symbol info for TORNUSDT
[15:25:49] [COIN_MANAGER/VERB] Got symbol info for KEEPUSDT
[15:25:49] [COIN_MANAGER/VERB] Got symbol info for ERNUSDT
[15:25:49] [COIN_MANAGER/VERB] Got symbol info for KLAYUSDT
[15:25:49] [COIN_MANAGER/VERB] Got symbol info for RUNEEUR
[15:25:49] [COIN_MANAGER/VERB] Got symbol info for PHAUSDT
[15:25:49] [COIN_MANAGER/VERB] Got symbol info for BONDUSDT
[15:25:49] [COIN_MANAGER/VERB] Got symbol info for MLNUSDT
[15:25:49] [COIN_MANAGER/VERB] Got symbol info for DEXEUSDT
[15:25:49] [COIN_MANAGER/VERB] Got symbol info for C98USDT
[15:25:49] [COIN_MANAGER/VERB] Got symbol info for CLVUSDT
[15:25:49] [COIN_MANAGER/VERB] Got symbol info for QNTUSDT
[15:25:49] [COIN_MANAGER/VERB] Got symbol info for FLOWUSDT
[15:25:49] [COIN_MANAGER/VERB] Got symbol info for TVKUSDT
[15:25:49] [COIN_MANAGER/VERB] Got symbol info for MINAUSDT
[15:25:49] [COIN_MANAGER/VERB] Got symbol info for RAYUSDT
[15:25:49] [COIN_MANAGER/VERB] Got symbol info for FARMUSDT
[15:25:49] [COIN_MANAGER/VERB] Got symbol info for ALPACAUSDT
[15:25:49] [COIN_MANAGER/VERB] Got symbol info for QUICKUSDT
[15:25:49] [COIN_MANAGER/VERB] Got symbol info for MBOXUSDT
[15:25:49] [COIN_MANAGER/VERB] Got symbol info for FORUSDT
[15:25:49] [COIN_MANAGER/VERB] Got symbol info for REQUSDT
[15:25:49] [COIN_MANAGER/VERB] Got symbol info for GHSTUSDT
[15:25:49] [COIN_MANAGER/VERB] Got symbol info for WAXPUSDT
[15:25:49] [COIN_MANAGER/VERB] Got symbol info for TRIBEUSDT
[15:25:49] [COIN_MANAGER/VERB] Got symbol info for GNOUSDT
[15:25:49] [COIN_MANAGER/VERB] Got symbol info for XECUSDT
[15:25:49] [COIN_MANAGER/VERB] Got symbol info for ELFUSDT
[15:25:49] [COIN_MANAGER/VERB] Got symbol info for DYDXUSDT
[15:25:49] [COIN_MANAGER/VERB] Got symbol info for POLYUSDT
[15:25:49] [COIN_MANAGER/VERB] Got symbol info for IDEXUSDT
[15:25:49] [COIN_MANAGER/VERB] Got symbol info for VIDTUSDT
[15:25:49] [COIN_MANAGER/VERB] Got symbol info for USDPUSDT
[15:25:49] [COIN_MANAGER/VERB] Starting multiplex socket
[15:25:49] [COIN_MANAGER/VERB] Starting user socket
[15:25:52] [COIN/VERB] init
[15:25:52] [COIN/VERB] Fetched historical klines for YFIUSDT
[15:25:55] [COIN/VERB] init
[15:25:55] [COIN/VERB] Fetched historical klines for WINUSDT
[15:25:58] [COIN/VERB] init
[15:25:59] [COIN/VERB] Fetched historical klines for TCTUSDT
[15:26:02] [COIN/VERB] init
[15:26:02] [COIN/VERB] Fetched historical klines for LTOUSDT
[15:26:05] [COIN/VERB] init
[15:26:05] [COIN/VERB] Fetched historical klines for DOTEUR
[15:26:08] [COIN/VERB] init
[15:26:08] [COIN/VERB] Fetched historical klines for DOCKUSDT
[15:26:11] [COIN/VERB] init
[15:26:11] [COIN/VERB] Fetched historical klines for LRCUSDT
[15:26:14] [COIN/VERB] init
[15:26:15] [COIN/VERB] Fetched historical klines for PUNDIXUSDT
[15:26:18] [COIN/VERB] init
[15:26:18] [COIN/VERB] Fetched historical klines for JUVUSDT
[15:26:21] [COIN/VERB] init
[15:26:21] [COIN/VERB] Fetched historical klines for NEARUSDT
[15:26:24] [COIN/VERB] init
[15:26:24] [COIN/VERB] Fetched historical klines for TVKUSDT
[15:26:27] [COIN/VERB] init
[15:26:27] [COIN/VERB] Fetched historical klines for EOSEUR
[15:26:30] [COIN/VERB] init
[15:26:31] [COIN/VERB] Fetched historical klines for ERNUSDT
[15:26:34] [COIN/VERB] init
[15:26:34] [COIN/VERB] Fetched historical klines for BKRWUSDT
[15:26:37] [COIN/VERB] init
[15:26:37] [COIN/VERB] Fetched historical klines for KAVAUSDT
[15:26:40] [COIN/VERB] init
[15:26:40] [COIN/VERB] Fetched historical klines for GTCUSDT
[15:26:43] [COIN/VERB] init
[15:26:43] [COIN/VERB] Fetched historical klines for XEMUSDT
[15:26:46] [COIN/VERB] init
[15:26:47] [COIN/VERB] Fetched historical klines for COCOSUSDT
[15:26:50] [COIN/VERB] init
[15:26:50] [COIN/VERB] Fetched historical klines for MATICEUR
[15:26:53] [COIN/VERB] init
[15:26:53] [COIN/VERB] Fetched historical klines for HOTUSDT
[15:26:56] [COIN/VERB] init
[15:26:56] [COIN/VERB] Fetched historical klines for SUSDUSDT
[15:26:59] [COIN/VERB] init
[15:27:00] [COIN/VERB] Fetched historical klines for WNXMUSDT
[15:27:02] [COIN/VERB] init
[15:27:03] [COIN/VERB] Fetched historical klines for UNFIUSDT
[15:27:06] [COIN/VERB] init
[15:27:06] [COIN/VERB] Fetched historical klines for PONDUSDT
[15:27:09] [COIN/VERB] init
[15:27:09] [COIN/VERB] Fetched historical klines for DGBUSDT
[15:27:12] [COIN/VERB] init
[15:27:13] [COIN/VERB] Fetched historical klines for TRXEUR
[15:27:15] [COIN/VERB] init
[15:27:16] [COIN/VERB] Fetched historical klines for FLMUSDT
[15:27:18] [COIN/VERB] init
[15:27:19] [COIN/VERB] Fetched historical klines for ZECUSDT
[15:27:22] [COIN/VERB] init
[15:27:22] [COIN/VERB] Fetched historical klines for CVCUSDT
[15:27:25] [COIN/VERB] init
[15:27:25] [COIN/VERB] Fetched historical klines for ONGUSDT
[15:27:28] [COIN/VERB] init
[15:27:29] [COIN/VERB] Fetched historical klines for ARPAUSDT
[15:27:31] [COIN/VERB] init
[15:27:32] [COIN/VERB] Fetched historical klines for PAXGUSDT
[15:27:34] [COIN/VERB] init
[15:27:35] [COIN/VERB] Fetched historical klines for USDSBUSDT
[15:27:38] [COIN/VERB] init
[15:27:39] [COIN/VERB] Fetched historical klines for ATOMUSDT
[15:27:41] [COIN/VERB] init
[15:27:41] [COIN/VERB] Fetched historical klines for XVSUSDT
[15:27:44] [COIN/VERB] init
[15:27:45] [COIN/VERB] Fetched historical klines for TORNUSDT
[15:27:47] [COIN/VERB] init
[15:27:48] [COIN/VERB] Fetched historical klines for CLVUSDT
[15:27:50] [COIN/VERB] init
[15:27:51] [COIN/VERB] Fetched historical klines for YFIIUSDT
[15:27:54] [COIN/VERB] init
[15:27:54] [COIN/VERB] Fetched historical klines for KMDUSDT
[15:27:57] [COIN/VERB] init
[15:27:57] [COIN/VERB] Fetched historical klines for BNBEUR
[15:28:00] [COIN/VERB] init
[15:28:01] [COIN/VERB] Fetched historical klines for BONDUSDT
[15:28:03] [COIN/VERB] init
[15:28:04] [COIN/VERB] Fetched historical klines for DASHUSDT
[15:28:06] [COIN/VERB] init
[15:28:07] [COIN/VERB] Fetched historical klines for BCHUSDT
[15:28:10] [COIN/VERB] init
[15:28:10] [COIN/VERB] Fetched historical klines for SLPUSDT
[15:28:13] [COIN/VERB] init
[15:28:13] [COIN/VERB] Fetched historical klines for IOTXUSDT
[15:28:16] [COIN/VERB] init
[15:28:17] [COIN/VERB] Fetched historical klines for NBSUSDT
[15:28:19] [COIN/VERB] init
[15:28:20] [COIN/VERB] Fetched historical klines for ETHEUR
[15:28:22] [COIN/VERB] init
[15:28:23] [COIN/VERB] Fetched historical klines for XRPEUR
[15:28:26] [COIN/VERB] init
[15:28:27] [COIN/VERB] Fetched historical klines for C98USDT
[15:28:29] [COIN/VERB] init
[15:28:29] [COIN/VERB] Fetched historical klines for OXTUSDT
[15:28:32] [COIN/VERB] init
[15:28:33] [COIN/VERB] Fetched historical klines for NANOUSDT
[15:28:35] [COIN/VERB] init
[15:28:36] [COIN/VERB] Fetched historical klines for FLOWUSDT
[15:28:38] [COIN/VERB] init
[15:28:39] [COIN/VERB] Fetched historical klines for HARDUSDT
[15:28:42] [COIN/VERB] init
[15:28:42] [COIN/VERB] Fetched historical klines for KEEPUSDT
[15:28:45] [COIN/VERB] init
[15:28:45] [COIN/VERB] Fetched historical klines for CHZEUR
[15:28:48] [COIN/VERB] init
[15:28:49] [COIN/VERB] Fetched historical klines for DNTUSDT
[15:28:51] [COIN/VERB] init
[15:28:52] [COIN/VERB] Fetched historical klines for SRMUSDT
[15:28:54] [COIN/VERB] init
[15:28:55] [COIN/VERB] Fetched historical klines for NEOUSDT
[15:28:58] [COIN/VERB] init
[15:28:58] [COIN/VERB] Fetched historical klines for OCEANUSDT
[15:29:01] [COIN/VERB] init
[15:29:01] [COIN/VERB] Fetched historical klines for UTKUSDT
[15:29:04] [COIN/VERB] init
[15:29:05] [COIN/VERB] Fetched historical klines for DENTUSDT
[15:29:07] [COIN/VERB] init
[15:29:08] [COIN/VERB] Fetched historical klines for SHIBEUR
[15:29:10] [COIN/VERB] init
[15:29:11] [COIN/VERB] Fetched historical klines for XZCUSDT
[15:29:14] [COIN/VERB] init
[15:29:14] [COIN/VERB] Fetched historical klines for VITEUSDT
[15:29:17] [COIN/VERB] init
[15:29:17] [COIN/VERB] Fetched historical klines for MANAUSDT
[15:29:20] [COIN/VERB] init
[15:29:21] [COIN/VERB] Fetched historical klines for SUNUSDT
[15:29:23] [COIN/VERB] init
[15:29:24] [COIN/VERB] Fetched historical klines for GRTUSDT
[15:29:26] [COIN/VERB] init
[15:29:27] [COIN/VERB] Fetched historical klines for FISUSDT
[15:29:30] [COIN/VERB] init
[15:29:30] [COIN/VERB] Fetched historical klines for UMAUSDT
[15:29:33] [COIN/VERB] init
[15:29:33] [COIN/VERB] Fetched historical klines for BEAMUSDT
[15:29:36] [COIN/VERB] init
[15:29:37] [COIN/VERB] Fetched historical klines for HIVEUSDT
[15:29:39] [COIN/VERB] init
[15:29:40] [COIN/VERB] Fetched historical klines for PERPUSDT
[15:29:42] [COIN/VERB] init
[15:29:43] [COIN/VERB] Fetched historical klines for BTSUSDT
[15:29:46] [COIN/VERB] init
[15:29:46] [COIN/VERB] Fetched historical klines for ENJUSDT
[15:29:49] [COIN/VERB] init
[15:29:49] [COIN/VERB] Fetched historical klines for ACMUSDT
[15:29:52] [COIN/VERB] init
[15:29:53] [COIN/VERB] Fetched historical klines for ETCEUR
[15:29:55] [COIN/VERB] init
[15:29:56] [COIN/VERB] Fetched historical klines for LPTUSDT
[15:29:58] [COIN/VERB] init
[15:29:59] [COIN/VERB] Fetched historical klines for MFTUSDT
[15:30:02] [COIN/VERB] init
[15:30:02] [COIN/VERB] Fetched historical klines for MLNUSDT
[15:30:05] [COIN/VERB] init
[15:30:06] [COIN/VERB] Fetched historical klines for ALPHAUSDT
[15:30:08] [COIN/VERB] init
[15:30:09] [COIN/VERB] Fetched historical klines for STMXUSDT
[15:30:11] [COIN/VERB] init
[15:30:12] [COIN/VERB] Fetched historical klines for AVAXEUR
[15:30:14] [COIN/VERB] init
[15:30:16] [COIN/VERB] Fetched historical klines for LINAUSDT
[15:30:18] [COIN/VERB] init
[15:30:18] [COIN/VERB] Fetched historical klines for AAVEUSDT
[15:30:21] [COIN/VERB] init
[15:30:22] [COIN/VERB] Fetched historical klines for BANDUSDT
[15:30:24] [COIN/VERB] init
[15:30:25] [COIN/VERB] Fetched historical klines for CAKEUSDT
[15:30:27] [COIN/VERB] init
[15:30:28] [COIN/VERB] Fetched historical klines for EGLDUSDT
[15:30:30] [COIN/VERB] init
[15:30:31] [COIN/VERB] Fetched historical klines for INJUSDT
[15:30:34] [COIN/VERB] init
[15:30:34] [COIN/VERB] Fetched historical klines for LUNAUSDT
[15:30:37] [COIN/VERB] init
[15:30:38] [COIN/VERB] Fetched historical klines for STPTUSDT
[15:30:40] [COIN/VERB] init
[15:30:41] [COIN/VERB] Fetched historical klines for BALUSDT
[15:30:43] [COIN/VERB] init
[15:30:44] [COIN/VERB] Fetched historical klines for XTZUSDT
[15:30:46] [COIN/VERB] init
[15:30:47] [COIN/VERB] Fetched historical klines for CELOUSDT
[15:30:50] [COIN/VERB] init
[15:30:50] [COIN/VERB] Fetched historical klines for WRXEUR
[15:30:53] [COIN/VERB] init
[15:30:53] [COIN/VERB] Fetched historical klines for OMGUSDT
[15:30:56] [COIN/VERB] init
[15:30:57] [COIN/VERB] Fetched historical klines for FTTUSDT
[15:30:59] [COIN/VERB] init
[15:31:00] [COIN/VERB] Fetched historical klines for SUPERUSDT
[15:31:02] [COIN/VERB] init
[15:31:03] [COIN/VERB] Fetched historical klines for FETUSDT
[15:31:06] [COIN/VERB] init
[15:31:06] [COIN/VERB] Fetched historical klines for BTGUSDT
[15:31:09] [COIN/VERB] init
[15:31:10] [COIN/VERB] Fetched historical klines for BCCUSDT
[15:31:12] [COIN/VERB] init
[15:31:13] [COIN/VERB] Fetched historical klines for STRAXUSDT
[15:31:15] [COIN/VERB] init
[15:31:16] [COIN/VERB] Fetched historical klines for AVAUSDT
[15:31:18] [COIN/VERB] init
[15:31:19] [COIN/VERB] Fetched historical klines for ARUSDT
[15:31:22] [COIN/VERB] init
[15:31:22] [COIN/VERB] Fetched historical klines for ATAUSDT
[15:31:25] [COIN/VERB] init
[15:31:25] [COIN/VERB] Fetched historical klines for JSTUSDT
[15:31:28] [COIN/VERB] init
[15:31:29] [COIN/VERB] Fetched historical klines for SCUSDT
[15:31:31] [COIN/VERB] init
[15:31:32] [COIN/VERB] Fetched historical klines for CELRUSDT
[15:31:34] [COIN/VERB] init
[15:31:35] [COIN/VERB] Fetched historical klines for QNTUSDT
[15:31:38] [COIN/VERB] init
[15:31:38] [COIN/VERB] Fetched historical klines for UNIEUR
[15:31:41] [COIN/VERB] init
[15:31:41] [COIN/VERB] Fetched historical klines for CFXUSDT
[15:31:44] [COIN/VERB] init
[15:31:45] [COIN/VERB] Fetched historical klines for ARDRUSDT
[15:31:47] [COIN/VERB] init
[15:31:48] [COIN/VERB] Fetched historical klines for KEYUSDT
[15:31:50] [COIN/VERB] init
[15:31:51] [COIN/VERB] Fetched historical klines for TFUELUSDT
[15:31:54] [COIN/VERB] init
[15:31:54] [COIN/VERB] Fetched historical klines for AUDIOUSDT
[15:31:57] [COIN/VERB] init
[15:31:57] [COIN/VERB] Fetched historical klines for OMUSDT
[15:32:00] [COIN/VERB] init
[15:32:01] [COIN/VERB] Fetched historical klines for DREPUSDT
[15:32:03] [COIN/VERB] init
[15:32:04] [COIN/VERB] Fetched historical klines for BCHSVUSDT
[15:32:06] [COIN/VERB] init
[15:32:07] [COIN/VERB] Fetched historical klines for SXPUSDT
[15:32:10] [COIN/VERB] init
[15:32:10] [COIN/VERB] Fetched historical klines for MIRUSDT
[15:32:13] [COIN/VERB] init
[15:32:13] [COIN/VERB] Fetched historical klines for WTCUSDT
[15:32:16] [COIN/VERB] init
[15:32:17] [COIN/VERB] Fetched historical klines for BTCEUR
[15:32:19] [COIN/VERB] init
[15:32:20] [COIN/VERB] Fetched historical klines for RLCUSDT
[15:32:22] [COIN/VERB] init
[15:32:23] [COIN/VERB] Fetched historical klines for MCOUSDT
[15:32:26] [COIN/VERB] init
[15:32:26] [COIN/VERB] Fetched historical klines for EPSUSDT
[15:32:29] [COIN/VERB] init
[15:32:29] [COIN/VERB] Fetched historical klines for LITUSDT
[15:32:32] [COIN/VERB] init
[15:32:33] [COIN/VERB] Fetched historical klines for ASRUSDT
[15:32:35] [COIN/VERB] init
[15:32:36] [COIN/VERB] Fetched historical klines for DCRUSDT
[15:32:39] [COIN/VERB] init
[15:32:39] [COIN/VERB] Fetched historical klines for LSKUSDT
[15:32:42] [COIN/VERB] init
[15:32:42] [COIN/VERB] Fetched historical klines for LINKUSDT
[15:32:45] [COIN/VERB] init
[15:32:45] [COIN/VERB] Fetched historical klines for MKRUSDT
[15:32:48] [COIN/VERB] init
[15:32:49] [COIN/VERB] Fetched historical klines for NKNUSDT
[15:32:51] [COIN/VERB] init
[15:32:52] [COIN/VERB] Fetched historical klines for DAIUSDT
[15:32:55] [COIN/VERB] init
[15:32:55] [COIN/VERB] Fetched historical klines for STORJUSDT
[15:32:58] [COIN/VERB] init
[15:32:58] [COIN/VERB] Fetched historical klines for BURGERUSDT
[15:33:01] [COIN/VERB] init
[15:33:02] [COIN/VERB] Fetched historical klines for PERLUSDT
[15:33:04] [COIN/VERB] init
[15:33:05] [COIN/VERB] Fetched historical klines for WINGUSDT
[15:33:07] [COIN/VERB] init
[15:33:08] [COIN/VERB] Fetched historical klines for STRATUSDT
[15:33:11] [COIN/VERB] init
[15:33:11] [COIN/VERB] Fetched historical klines for BLZUSDT
[15:33:14] [COIN/VERB] init
[15:33:14] [COIN/VERB] Fetched historical klines for OGNUSDT
[15:33:17] [COIN/VERB] init
[15:33:17] [COIN/VERB] Fetched historical klines for ANKRUSDT
[15:33:20] [COIN/VERB] init
[15:33:21] [COIN/VERB] Fetched historical klines for TKOUSDT
[15:33:23] [COIN/VERB] init
[15:33:24] [COIN/VERB] Fetched historical klines for BADGERUSDT
[15:33:27] [COIN/VERB] init
[15:33:27] [COIN/VERB] Fetched historical klines for COSUSDT
[15:33:30] [COIN/VERB] init
[15:33:30] [COIN/VERB] Fetched historical klines for REPUSDT
[15:33:33] [COIN/VERB] init
[15:33:33] [COIN/VERB] Fetched historical klines for DATAUSDT
[15:33:36] [COIN/VERB] init
[15:33:37] [COIN/VERB] Fetched historical klines for SKLUSDT
[15:33:39] [COIN/VERB] init
[15:33:40] [COIN/VERB] Fetched historical klines for GXSUSDT
[15:33:43] [COIN/VERB] init
[15:33:43] [COIN/VERB] Fetched historical klines for NMRUSDT
[15:33:46] [COIN/VERB] init
[15:33:46] [COIN/VERB] Fetched historical klines for RUNEEUR
[15:33:49] [COIN/VERB] init
[15:33:49] [COIN/VERB] Fetched historical klines for ROSEUSDT
[15:33:52] [COIN/VERB] init
[15:33:53] [COIN/VERB] Fetched historical klines for MDTUSDT
[15:33:55] [COIN/VERB] init
[15:33:56] [COIN/VERB] Fetched historical klines for BATUSDT
[15:33:59] [COIN/VERB] init
[15:33:59] [COIN/VERB] Fetched historical klines for OGUSDT
[15:34:02] [COIN/VERB] init
[15:34:02] [COIN/VERB] Fetched historical klines for REEFUSDT
[15:34:05] [COIN/VERB] init
[15:34:06] [COIN/VERB] Fetched historical klines for FIROUSDT
[15:34:08] [COIN/VERB] init
[15:34:09] [COIN/VERB] Fetched historical klines for KNCUSDT
[15:34:11] [COIN/VERB] init
[15:34:12] [COIN/VERB] Fetched historical klines for FUNUSDT
[15:34:15] [COIN/VERB] init
[15:34:15] [COIN/VERB] Fetched historical klines for BELUSDT
[15:34:18] [COIN/VERB] init
[15:34:18] [COIN/VERB] Fetched historical klines for SUSHIUSDT
[15:34:21] [COIN/VERB] init
[15:34:22] [COIN/VERB] Fetched historical klines for QTUMUSDT
[15:34:24] [COIN/VERB] init
[15:34:25] [COIN/VERB] Fetched historical klines for ALGOUSDT
[15:34:27] [COIN/VERB] init
[15:34:28] [COIN/VERB] Fetched historical klines for FIOUSDT
[15:34:31] [COIN/VERB] init
[15:34:31] [COIN/VERB] Fetched historical klines for ZRXUSDT
[15:34:34] [COIN/VERB] init
[15:34:34] [COIN/VERB] Fetched historical klines for DODOUSDT
[15:34:37] [COIN/VERB] init
[15:34:38] [COIN/VERB] Fetched historical klines for ICPUSDT
[15:34:40] [COIN/VERB] init
[15:34:41] [COIN/VERB] Fetched historical klines for ANTUSDT
[15:34:43] [COIN/VERB] init
[15:34:44] [COIN/VERB] Fetched historical klines for CHRUSDT
[15:34:47] [COIN/VERB] init
[15:34:48] [COIN/VERB] Fetched historical klines for FTMUSDT
[15:34:50] [COIN/VERB] init
[15:34:51] [COIN/VERB] Fetched historical klines for GTOUSDT
[15:34:53] [COIN/VERB] init
[15:34:54] [COIN/VERB] Fetched historical klines for FORTHUSDT
[15:34:56] [COIN/VERB] init
[15:34:57] [COIN/VERB] Fetched historical klines for COMPUSDT
[15:34:59] [COIN/VERB] init
[15:35:00] [COIN/VERB] Fetched historical klines for HNTUSDT
[15:35:03] [COIN/VERB] init
[15:35:03] [COIN/VERB] Fetched historical klines for ONEUSDT
[15:35:06] [COIN/VERB] init
[15:35:06] [COIN/VERB] Fetched historical klines for WANUSDT
[15:35:09] [COIN/VERB] init
[15:35:09] [COIN/VERB] Fetched historical klines for TRUUSDT
[15:35:12] [COIN/VERB] init
[15:35:13] [COIN/VERB] Fetched historical klines for RIFUSDT
[15:35:15] [COIN/VERB] init
[15:35:16] [COIN/VERB] Fetched historical klines for HCUSDT
[15:35:19] [COIN/VERB] init
[15:35:19] [COIN/VERB] Fetched historical klines for BCHABCUSDT
[15:35:22] [COIN/VERB] init
[15:35:22] [COIN/VERB] Fetched historical klines for MBLUSDT
[15:35:25] [COIN/VERB] init
[15:35:26] [COIN/VERB] Fetched historical klines for XLMUSDT
[15:35:28] [COIN/VERB] init
[15:35:29] [COIN/VERB] Fetched historical klines for ERDUSDT
[15:35:31] [COIN/VERB] init
[15:35:32] [COIN/VERB] Fetched historical klines for FILUSDT
[15:35:35] [COIN/VERB] init
[15:35:35] [COIN/VERB] Fetched historical klines for SANDUSDT
[15:35:38] [COIN/VERB] init
[15:35:38] [COIN/VERB] Fetched historical klines for MASKUSDT
[15:35:41] [COIN/VERB] init
[15:35:42] [COIN/VERB] Fetched historical klines for TWTUSDT
[15:35:44] [COIN/VERB] init
[15:35:45] [COIN/VERB] Fetched historical klines for CTKUSDT
[15:35:47] [COIN/VERB] init
[15:35:48] [COIN/VERB] Fetched historical klines for KSMUSDT
[15:35:51] [COIN/VERB] init
[15:35:52] [COIN/VERB] Fetched historical klines for ZENUSDT
[15:35:54] [COIN/VERB] init
[15:35:54] [COIN/VERB] Fetched historical klines for SFPUSDT
[15:35:57] [COIN/VERB] init
[15:35:58] [COIN/VERB] Fetched historical klines for PSGUSDT
[15:36:00] [COIN/VERB] init
[15:36:01] [COIN/VERB] Fetched historical klines for DEGOUSDT
[15:36:03] [COIN/VERB] init
[15:36:04] [COIN/VERB] Fetched historical klines for AXSUSDT
[15:36:07] [COIN/VERB] init
[15:36:07] [COIN/VERB] Fetched historical klines for 1INCHUSDT
[15:36:10] [COIN/VERB] init
[15:36:10] [COIN/VERB] Fetched historical klines for CKBUSDT
[15:36:13] [COIN/VERB] init
[15:36:14] [COIN/VERB] Fetched historical klines for BTTUSDT
[15:36:16] [COIN/VERB] init
[15:36:17] [COIN/VERB] Fetched historical klines for ATMUSDT
[15:36:19] [COIN/VERB] init
[15:36:20] [COIN/VERB] Fetched historical klines for IRISUSDT
[15:36:23] [COIN/VERB] init
[15:36:23] [COIN/VERB] Fetched historical klines for SNXUSDT
[15:36:26] [COIN/VERB] init
[15:36:27] [COIN/VERB] Fetched historical klines for AIONUSDT
[15:36:29] [COIN/VERB] init
[15:36:30] [COIN/VERB] Fetched historical klines for TLMUSDT
[15:36:32] [COIN/VERB] init
[15:36:33] [COIN/VERB] Fetched historical klines for VETUSDT
[15:36:35] [COIN/VERB] init
[15:36:36] [COIN/VERB] Fetched historical klines for CTSIUSDT
[15:36:39] [COIN/VERB] init
[15:36:39] [COIN/VERB] Fetched historical klines for BZRXUSDT
[15:36:42] [COIN/VERB] init
[15:36:43] [COIN/VERB] Fetched historical klines for CTXCUSDT
[15:36:45] [COIN/VERB] init
[15:36:46] [COIN/VERB] Fetched historical klines for WAVESUSDT
[15:36:48] [COIN/VERB] init
[15:36:49] [COIN/VERB] Fetched historical klines for XVGUSDT
[15:36:51] [COIN/VERB] init
[15:36:52] [COIN/VERB] Fetched historical klines for AKROUSDT
[15:36:55] [COIN/VERB] init
[15:36:55] [COIN/VERB] Fetched historical klines for ONTUSDT
[15:36:58] [COIN/VERB] init
[15:36:59] [COIN/VERB] Fetched historical klines for DUSKUSDT
[15:37:01] [COIN/VERB] init
[15:37:02] [COIN/VERB] Fetched historical klines for ALICEUSDT
[15:37:04] [COIN/VERB] init
[15:37:05] [COIN/VERB] Fetched historical klines for NULSUSDT
[15:37:07] [COIN/VERB] init
[15:37:08] [COIN/VERB] Fetched historical klines for MDXUSDT
[15:37:11] [COIN/VERB] init
[15:37:11] [COIN/VERB] Fetched historical klines for COTIUSDT
[15:37:14] [COIN/VERB] init
[15:37:15] [COIN/VERB] Fetched historical klines for ZILUSDT
[15:37:17] [COIN/VERB] init
[15:37:18] [COIN/VERB] Fetched historical klines for ORNUSDT
[15:37:20] [COIN/VERB] init
[15:37:21] [COIN/VERB] Fetched historical klines for ICXUSDT
[15:37:23] [COIN/VERB] init
[15:37:24] [COIN/VERB] Fetched historical klines for XMRUSDT
[15:37:27] [COIN/VERB] init
[15:37:27] [COIN/VERB] Fetched historical klines for AUTOUSDT
[15:37:30] [COIN/VERB] init
[15:37:31] [COIN/VERB] Fetched historical klines for STORMUSDT
[15:37:33] [COIN/VERB] init
[15:37:34] [COIN/VERB] Fetched historical klines for VTHOUSDT
[15:37:36] [COIN/VERB] init
[15:37:37] [COIN/VERB] Fetched historical klines for MITHUSDT
[15:37:39] [COIN/VERB] init
[15:37:40] [COIN/VERB] Fetched historical klines for IOSTUSDT
[15:37:43] [COIN/VERB] init
[15:37:43] [COIN/VERB] Fetched historical klines for BTCSTUSDT
[15:37:46] [COIN/VERB] init
[15:37:47] [COIN/VERB] Fetched historical klines for PHAUSDT
[15:37:49] [COIN/VERB] init
[15:37:50] [COIN/VERB] Fetched historical klines for BAKEUSDT
[15:37:52] [COIN/VERB] init
[15:37:53] [COIN/VERB] Fetched historical klines for NUUSDT
[15:37:55] [COIN/VERB] init
[15:37:56] [COIN/VERB] Fetched historical klines for IOTAUSDT
[15:37:59] [COIN/VERB] init
[15:37:59] [COIN/VERB] Fetched historical klines for HBARUSDT
[15:38:02] [COIN/VERB] init
[15:38:02] [COIN/VERB] Fetched historical klines for POLSUSDT
[15:38:05] [COIN/VERB] init
[15:38:06] [COIN/VERB] Fetched historical klines for TOMOUSDT
[15:38:08] [COIN/VERB] init
[15:38:09] [COIN/VERB] Fetched historical klines for NPXSUSDT
[15:38:11] [COIN/VERB] init
[15:38:12] [COIN/VERB] Fetched historical klines for USDSUSDT
[15:38:15] [COIN/VERB] init
[15:38:15] [COIN/VERB] Fetched historical klines for STXUSDT
[15:38:18] [COIN/VERB] init
[15:38:18] [COIN/VERB] Fetched historical klines for BARUSDT
[15:38:21] [COIN/VERB] init
[15:38:22] [COIN/VERB] Fetched historical klines for DIAUSDT
[15:38:24] [COIN/VERB] init
[15:38:25] [COIN/VERB] Fetched historical klines for RSRUSDT
[15:38:27] [COIN/VERB] init
[15:38:28] [COIN/VERB] Fetched historical klines for RAMPUSDT
[15:38:31] [COIN/VERB] init
[15:38:31] [COIN/VERB] Fetched historical klines for CRVUSDT
[15:38:34] [COIN/VERB] init
[15:38:34] [COIN/VERB] Fetched historical klines for VENUSDT
[15:38:37] [COIN/VERB] init
[15:38:38] [COIN/VERB] Fetched historical klines for DEXEUSDT
[15:38:40] [COIN/VERB] init
[15:38:41] [COIN/VERB] Fetched historical klines for TRBUSDT
[15:38:43] [COIN/VERB] init
[15:38:44] [COIN/VERB] Fetched historical klines for TROYUSDT
[15:38:47] [COIN/VERB] init
[15:38:47] [COIN/VERB] Fetched historical klines for QUICKUSDT
[15:38:50] [COIN/VERB] init
[15:38:50] [COIN/VERB] Fetched historical klines for ALPACAUSDT
[15:38:53] [COIN/VERB] init
[15:38:54] [COIN/VERB] Fetched historical klines for FARMUSDT
[15:38:56] [COIN/VERB] init
[15:38:57] [COIN/VERB] Fetched historical klines for MINAUSDT
[15:38:59] [COIN/VERB] init
[15:39:00] [COIN/VERB] Fetched historical klines for RAYUSDT
[15:39:03] [COIN/VERB] init
[15:39:03] [COIN/VERB] Fetched historical klines for RVNUSDT
[15:39:06] [COIN/VERB] init
[15:39:06] [COIN/VERB] Fetched historical klines for MBOXUSDT
[15:39:09] [COIN/VERB] init
[15:39:10] [COIN/VERB] Fetched historical klines for GHSTUSDT
[15:39:12] [COIN/VERB] init
[15:39:13] [COIN/VERB] Fetched historical klines for REQUSDT
[15:39:15] [COIN/VERB] init
[15:39:16] [COIN/VERB] Fetched historical klines for TRIBEUSDT
[15:39:19] [COIN/VERB] init
[15:39:19] [COIN/VERB] Fetched historical klines for FORUSDT
[15:39:22] [COIN/VERB] init
[15:39:23] [COIN/VERB] Fetched historical klines for WAXPUSDT
[15:39:25] [COIN/VERB] init
[15:39:26] [COIN/VERB] Fetched historical klines for SOLUSDT
[15:39:28] [COIN/VERB] init
[15:39:29] [COIN/VERB] Fetched historical klines for DOGEUSDT
[15:39:31] [COIN/VERB] init
[15:39:32] [COIN/VERB] Fetched historical klines for PNTUSDT
[15:39:35] [COIN/VERB] init
[15:39:35] [COIN/VERB] Fetched historical klines for BNTUSDT
[15:39:38] [COIN/VERB] init
[15:39:38] [COIN/VERB] Fetched historical klines for MTLUSDT
[15:39:41] [COIN/VERB] init
[15:39:42] [COIN/VERB] Fetched historical klines for LTCEUR
[15:39:44] [COIN/VERB] init
[15:39:45] [COIN/VERB] Fetched historical klines for ADAUSDT
[15:39:47] [COIN/VERB] init
[15:39:48] [COIN/VERB] Fetched historical klines for RENUSDT
[15:39:51] [COIN/VERB] init
[15:39:51] [COIN/VERB] Fetched historical klines for THETAUSDT
[15:39:54] [COIN/VERB] init
[15:39:54] [COIN/VERB] Fetched historical klines for LENDUSDT
[15:39:57] [COIN/VERB] init
[15:39:58] [COIN/VERB] Fetched historical klines for KLAYUSDT
[15:40:00] [COIN/VERB] init
[15:40:01] [COIN/VERB] Fetched historical klines for GNOUSDT
[15:40:03] [COIN/VERB] init
[15:40:04] [COIN/VERB] Fetched historical klines for DYDXUSDT
[15:40:07] [COIN/VERB] init
[15:40:07] [COIN/VERB] Fetched historical klines for POLYUSDT
[15:40:10] [COIN/VERB] init
[15:40:10] [COIN/VERB] Fetched historical klines for VIDTUSDT
[15:40:13] [COIN/VERB] init
[15:40:14] [COIN/VERB] Fetched historical klines for USDPUSDT
[15:40:16] [COIN/VERB] init
[15:40:17] [COIN/VERB] Fetched historical klines for ELFUSDT
[15:40:19] [COIN/VERB] init
[15:40:20] [COIN/VERB] Fetched historical klines for XECUSDT
[15:40:23] [COIN/VERB] init
[15:40:23] [COIN/VERB] Fetched historical klines for IDEXUSDT
