[15:08:55] [COIN/ERR] startup failed for JUVUSDT on get open orders APIError(code=-1003): Too much request weight used; current limit is 1200 request weight per 1 MINUTE. Please use the websocket for live updates to avoid polling the API.
[15:08:58] [COIN/ERR] startup failed for NEARUSDT on get open orders APIError(code=-1003): Too much request weight used; current limit is 1200 request weight per 1 MINUTE. Please use the websocket for live updates to avoid polling the API.
[15:09:43] [COIN/ERR] startup failed for PONDUSDT on get open orders APIError(code=-1003): Too much request weight used; current limit is 1200 request weight per 1 MINUTE. Please use the websocket for live updates to avoid polling the API.
[15:09:46] [COIN/ERR] startup failed for DGBUSDT on get open orders APIError(code=-1003): Too much request weight used; current limit is 1200 request weight per 1 MINUTE. Please use the websocket for live updates to avoid polling the API.
[15:09:49] [COIN/ERR] startup failed for TRXEUR on get open orders APIError(code=-1003): Way too much request weight used; IP banned until 1631459508582. Please use the websocket for live updates to avoid bans.
[15:09:52] [COIN/ERR] startup failed for FLMUSDT on get open orders APIError(code=-1003): Way too much request weight used; IP banned until 1631459508582. Please use the websocket for live updates to avoid bans.
[15:09:55] [COIN/ERR] startup failed for ZECUSDT on get open orders APIError(code=-1003): Way too much request weight used; IP banned until 1631459508582. Please use the websocket for live updates to avoid bans.
[15:09:59] [COIN/ERR] startup failed for CVCUSDT on get open orders APIError(code=-1003): Way too much request weight used; IP banned until 1631459508582. Please use the websocket for live updates to avoid bans.
[15:10:02] [COIN/ERR] startup failed for ONGUSDT on get open orders APIError(code=-1003): Way too much request weight used; IP banned until 1631459508582. Please use the websocket for live updates to avoid bans.
[15:10:05] [COIN/ERR] startup failed for ARPAUSDT on get open orders APIError(code=-1003): Way too much request weight used; IP banned until 1631459508582. Please use the websocket for live updates to avoid bans.
[15:10:08] [COIN/ERR] startup failed for PAXGUSDT on get open orders APIError(code=-1003): Way too much request weight used; IP banned until 1631459508582. Please use the websocket for live updates to avoid bans.
[15:10:11] [COIN/ERR] startup failed for USDSBUSDT on get open orders APIError(code=-1003): Way too much request weight used; IP banned until 1631459508582. Please use the websocket for live updates to avoid bans.
[15:10:15] [COIN/ERR] startup failed for ATOMUSDT on get open orders APIError(code=-1003): Way too much request weight used; IP banned until 1631459508582. Please use the websocket for live updates to avoid bans.
[15:10:18] [COIN/ERR] startup failed for XVSUSDT on get open orders APIError(code=-1003): Way too much request weight used; IP banned until 1631459508582. Please use the websocket for live updates to avoid bans.
[15:10:21] [COIN/ERR] startup failed for TORNUSDT on get open orders APIError(code=-1003): Way too much request weight used; IP banned until 1631459508582. Please use the websocket for live updates to avoid bans.
[15:10:24] [COIN/ERR] startup failed for CLVUSDT on get open orders APIError(code=-1003): Way too much request weight used; IP banned until 1631459508582. Please use the websocket for live updates to avoid bans.
[15:10:27] [COIN/ERR] startup failed for YFIIUSDT on get open orders APIError(code=-1003): Way too much request weight used; IP banned until 1631459508582. Please use the websocket for live updates to avoid bans.
[15:10:31] [COIN/ERR] startup failed for KMDUSDT on get open orders APIError(code=-1003): Way too much request weight used; IP banned until 1631459508582. Please use the websocket for live updates to avoid bans.
[15:10:34] [COIN/ERR] startup failed for BNBEUR on get open orders APIError(code=-1003): Way too much request weight used; IP banned until 1631459508582. Please use the websocket for live updates to avoid bans.
[15:10:37] [COIN/ERR] startup failed for BONDUSDT on get open orders APIError(code=-1003): Way too much request weight used; IP banned until 1631459508582. Please use the websocket for live updates to avoid bans.
[15:10:40] [COIN/ERR] startup failed for DASHUSDT on get open orders APIError(code=-1003): Way too much request weight used; IP banned until 1631459508582. Please use the websocket for live updates to avoid bans.
[15:10:43] [COIN/ERR] startup failed for BCHUSDT on get open orders APIError(code=-1003): Way too much request weight used; IP banned until 1631459508582. Please use the websocket for live updates to avoid bans.
[15:10:47] [COIN/ERR] startup failed for SLPUSDT on get open orders APIError(code=-1003): Way too much request weight used; IP banned until 1631459508582. Please use the websocket for live updates to avoid bans.
[15:10:50] [COIN/ERR] startup failed for IOTXUSDT on get open orders APIError(code=-1003): Way too much request weight used; IP banned until 1631459508582. Please use the websocket for live updates to avoid bans.
[15:10:53] [COIN/ERR] startup failed for NBSUSDT on get open orders APIError(code=-1003): Way too much request weight used; IP banned until 1631459508582. Please use the websocket for live updates to avoid bans.
[15:10:56] [COIN/ERR] startup failed for ETHEUR on get open orders APIError(code=-1003): Way too much request weight used; IP banned until 1631459508582. Please use the websocket for live updates to avoid bans.
[15:10:59] [COIN/ERR] startup failed for XRPEUR on get open orders APIError(code=-1003): Way too much request weight used; IP banned until 1631459508582. Please use the websocket for live updates to avoid bans.
[15:11:03] [COIN/ERR] startup failed for C98USDT on get open orders APIError(code=-1003): Way too much request weight used; IP banned until 1631459508582. Please use the websocket for live updates to avoid bans.
[15:11:06] [COIN/ERR] startup failed for OXTUSDT on get open orders APIError(code=-1003): Way too much request weight used; IP banned until 1631459508582. Please use the websocket for live updates to avoid bans.
[15:11:09] [COIN/ERR] startup failed for NANOUSDT on get open orders APIError(code=-1003): Way too much request weight used; IP banned until 1631459508582. Please use the websocket for live updates to avoid bans.
[15:11:12] [COIN/ERR] startup failed for FLOWUSDT on get open orders APIError(code=-1003): Way too much request weight used; IP banned until 1631459508582. Please use the websocket for live updates to avoid bans.
[15:11:16] [COIN/ERR] startup failed for HARDUSDT on get open orders APIError(code=-1003): Way too much request weight used; IP banned until 1631459508582. Please use the websocket for live updates to avoid bans.
[15:11:19] [COIN/ERR] startup failed for KEEPUSDT on get open orders APIError(code=-1003): Way too much request weight used; IP banned until 1631459508582. Please use the websocket for live updates to avoid bans.
[15:11:22] [COIN/ERR] startup failed for CHZEUR on get open orders APIError(code=-1003): Way too much request weight used; IP banned until 1631459508582. Please use the websocket for live updates to avoid bans.
[15:11:25] [COIN/ERR] startup failed for DNTUSDT on get open orders APIError(code=-1003): Way too much request weight used; IP banned until 1631459508582. Please use the websocket for live updates to avoid bans.
[15:11:28] [COIN/ERR] startup failed for SRMUSDT on get open orders APIError(code=-1003): Way too much request weight used; IP banned until 1631459508582. Please use the websocket for live updates to avoid bans.
[15:11:31] [COIN/ERR] startup failed for NEOUSDT on get open orders APIError(code=-1003): Way too much request weight used; IP banned until 1631459508582. Please use the websocket for live updates to avoid bans.
[15:11:35] [COIN/ERR] startup failed for OCEANUSDT on get open orders APIError(code=-1003): Way too much request weight used; IP banned until 1631459508582. Please use the websocket for live updates to avoid bans.
[15:11:38] [COIN/ERR] startup failed for UTKUSDT on get open orders APIError(code=-1003): Way too much request weight used; IP banned until 1631459508582. Please use the websocket for live updates to avoid bans.
[15:11:41] [COIN/ERR] startup failed for DENTUSDT on get open orders APIError(code=-1003): Way too much request weight used; IP banned until 1631459508582. Please use the websocket for live updates to avoid bans.
[15:11:44] [COIN/ERR] startup failed for SHIBEUR on get open orders APIError(code=-1003): Way too much request weight used; IP banned until 1631459508582. Please use the websocket for live updates to avoid bans.
[15:11:47] [COIN/ERR] startup failed for XZCUSDT on get open orders APIError(code=-1003): Way too much request weight used; IP banned until 1631459508582. Please use the websocket for live updates to avoid bans.
[15:12:55] [COIN/ERR] startup failed for AAVEUSDT on get open orders APIError(code=-1003): Too much request weight used; current limit is 1200 request weight per 1 MINUTE. Please use the websocket for live updates to avoid polling the API.
[15:12:58] [COIN/ERR] startup failed for BANDUSDT on get open orders APIError(code=-1003): Too much request weight used; current limit is 1200 request weight per 1 MINUTE. Please use the websocket for live updates to avoid polling the API.
[15:13:43] [COIN/ERR] startup failed for BTGUSDT on get open orders APIError(code=-1003): Too much request weight used; current limit is 1200 request weight per 1 MINUTE. Please use the websocket for live updates to avoid polling the API.
[15:13:46] [COIN/ERR] startup failed for BCCUSDT on get open orders APIError(code=-1003): Too much request weight used; current limit is 1200 request weight per 1 MINUTE. Please use the websocket for live updates to avoid polling the API.
[15:13:49] [COIN/ERR] startup failed for STRAXUSDT on get open orders APIError(code=-1003): Way too much request weight used; IP banned until 1631459867344. Please use the websocket for live updates to avoid bans.
[15:13:52] [COIN/ERR] startup failed for AVAUSDT on get open orders APIError(code=-1003): Way too much request weight used; IP banned until 1631459867344. Please use the websocket for live updates to avoid bans.
[15:13:55] [COIN/ERR] startup failed for ARUSDT on get open orders APIError(code=-1003): Way too much request weight used; IP banned until 1631459867344. Please use the websocket for live updates to avoid bans.
[15:13:59] [COIN/ERR] startup failed for ATAUSDT on get open orders APIError(code=-1003): Way too much request weight used; IP banned until 1631459867344. Please use the websocket for live updates to avoid bans.
[15:14:02] [COIN/ERR] startup failed for JSTUSDT on get open orders APIError(code=-1003): Way too much request weight used; IP banned until 1631459867344. Please use the websocket for live updates to avoid bans.
[15:14:05] [COIN/ERR] startup failed for SCUSDT on get open orders APIError(code=-1003): Way too much request weight used; IP banned until 1631459867344. Please use the websocket for live updates to avoid bans.
[15:14:08] [COIN/ERR] startup failed for CELRUSDT on get open orders APIError(code=-1003): Way too much request weight used; IP banned until 1631459867344. Please use the websocket for live updates to avoid bans.
[15:14:11] [COIN/ERR] startup failed for QNTUSDT on get open orders APIError(code=-1003): Way too much request weight used; IP banned until 1631459867344. Please use the websocket for live updates to avoid bans.
[15:14:15] [COIN/ERR] startup failed for UNIEUR on get open orders APIError(code=-1003): Way too much request weight used; IP banned until 1631459867344. Please use the websocket for live updates to avoid bans.
[15:14:18] [COIN/ERR] startup failed for CFXUSDT on get open orders APIError(code=-1003): Way too much request weight used; IP banned until 1631459867344. Please use the websocket for live updates to avoid bans.
[15:14:21] [COIN/ERR] startup failed for ARDRUSDT on get open orders APIError(code=-1003): Way too much request weight used; IP banned until 1631459867344. Please use the websocket for live updates to avoid bans.
[15:14:24] [COIN/ERR] startup failed for KEYUSDT on get open orders APIError(code=-1003): Way too much request weight used; IP banned until 1631459867344. Please use the websocket for live updates to avoid bans.
[15:14:27] [COIN/ERR] startup failed for TFUELUSDT on get open orders APIError(code=-1003): Way too much request weight used; IP banned until 1631459867344. Please use the websocket for live updates to avoid bans.
[15:14:31] [COIN/ERR] startup failed for AUDIOUSDT on get open orders APIError(code=-1003): Way too much request weight used; IP banned until 1631459867344. Please use the websocket for live updates to avoid bans.
[15:14:34] [COIN/ERR] startup failed for OMUSDT on get open orders APIError(code=-1003): Way too much request weight used; IP banned until 1631459867344. Please use the websocket for live updates to avoid bans.
[15:14:38] [COIN/ERR] startup failed for DREPUSDT on get open orders APIError(code=-1003): Way too much request weight used; IP banned until 1631459867344. Please use the websocket for live updates to avoid bans.
[15:14:40] [COIN/ERR] startup failed for BCHSVUSDT on get open orders APIError(code=-1003): Way too much request weight used; IP banned until 1631459867344. Please use the websocket for live updates to avoid bans.
[15:14:43] [COIN/ERR] startup failed for SXPUSDT on get open orders APIError(code=-1003): Way too much request weight used; IP banned until 1631459867344. Please use the websocket for live updates to avoid bans.
[15:14:47] [COIN/ERR] startup failed for MIRUSDT on get open orders APIError(code=-1003): Way too much request weight used; IP banned until 1631459867344. Please use the websocket for live updates to avoid bans.
[15:14:50] [COIN/ERR] startup failed for WTCUSDT on get open orders APIError(code=-1003): Way too much request weight used; IP banned until 1631459867344. Please use the websocket for live updates to avoid bans.
[15:14:54] [COIN/ERR] startup failed for BTCEUR on get open orders APIError(code=-1003): Way too much request weight used; IP banned until 1631459867344. Please use the websocket for live updates to avoid bans.
[15:14:57] [COIN/ERR] startup failed for RLCUSDT on get open orders APIError(code=-1003): Way too much request weight used; IP banned until 1631459867344. Please use the websocket for live updates to avoid bans.
[15:14:59] [COIN/ERR] startup failed for MCOUSDT on get open orders APIError(code=-1003): Way too much request weight used; IP banned until 1631459867344. Please use the websocket for live updates to avoid bans.
[15:15:03] [COIN/ERR] startup failed for EPSUSDT on get open orders APIError(code=-1003): Way too much request weight used; IP banned until 1631459867344. Please use the websocket for live updates to avoid bans.
[15:15:06] [COIN/ERR] startup failed for LITUSDT on get open orders APIError(code=-1003): Way too much request weight used; IP banned until 1631459867344. Please use the websocket for live updates to avoid bans.
[15:15:09] [COIN/ERR] startup failed for ASRUSDT on get open orders APIError(code=-1003): Way too much request weight used; IP banned until 1631459867344. Please use the websocket for live updates to avoid bans.
[15:15:12] [COIN/ERR] startup failed for DCRUSDT on get open orders APIError(code=-1003): Way too much request weight used; IP banned until 1631459867344. Please use the websocket for live updates to avoid bans.
[15:15:15] [COIN/ERR] startup failed for LSKUSDT on get open orders APIError(code=-1003): Way too much request weight used; IP banned until 1631459867344. Please use the websocket for live updates to avoid bans.
[15:15:19] [COIN/ERR] startup failed for LINKUSDT on get open orders APIError(code=-1003): Way too much request weight used; IP banned until 1631459867344. Please use the websocket for live updates to avoid bans.
[15:15:22] [COIN/ERR] startup failed for MKRUSDT on get open orders APIError(code=-1003): Way too much request weight used; IP banned until 1631459867344. Please use the websocket for live updates to avoid bans.
[15:15:25] [COIN/ERR] startup failed for NKNUSDT on get open orders APIError(code=-1003): Way too much request weight used; IP banned until 1631459867344. Please use the websocket for live updates to avoid bans.
[15:15:28] [COIN/ERR] startup failed for DAIUSDT on get open orders APIError(code=-1003): Way too much request weight used; IP banned until 1631459867344. Please use the websocket for live updates to avoid bans.
[15:15:31] [COIN/ERR] startup failed for STORJUSDT on get open orders APIError(code=-1003): Way too much request weight used; IP banned until 1631459867344. Please use the websocket for live updates to avoid bans.
[15:15:35] [COIN/ERR] startup failed for BURGERUSDT on get open orders APIError(code=-1003): Way too much request weight used; IP banned until 1631459867344. Please use the websocket for live updates to avoid bans.
[15:15:38] [COIN/ERR] startup failed for PERLUSDT on get open orders APIError(code=-1003): Way too much request weight used; IP banned until 1631459867344. Please use the websocket for live updates to avoid bans.
[15:15:41] [COIN/ERR] startup failed for WINGUSDT on get open orders APIError(code=-1003): Way too much request weight used; IP banned until 1631459867344. Please use the websocket for live updates to avoid bans.
[15:15:44] [COIN/ERR] startup failed for STRATUSDT on get open orders APIError(code=-1003): Way too much request weight used; IP banned until 1631459867344. Please use the websocket for live updates to avoid bans.
[15:15:47] [COIN/ERR] startup failed for BLZUSDT on get open orders APIError(code=-1003): Way too much request weight used; IP banned until 1631459867344. Please use the websocket for live updates to avoid bans.
[15:15:51] [COIN/ERR] startup failed for OGNUSDT on get open orders APIError(code=-1003): Way too much request weight used; IP banned until 1631459867344. Please use the websocket for live updates to avoid bans.
[15:15:54] [COIN/ERR] startup failed for ANKRUSDT on get open orders APIError(code=-1003): Way too much request weight used; IP banned until 1631459867344. Please use the websocket for live updates to avoid bans.
[15:15:57] [COIN/ERR] startup failed for TKOUSDT on get open orders APIError(code=-1003): Way too much request weight used; IP banned until 1631459867344. Please use the websocket for live updates to avoid bans.
[15:16:00] [COIN/ERR] startup failed for BADGERUSDT on get open orders APIError(code=-1003): Way too much request weight used; IP banned until 1631459867344. Please use the websocket for live updates to avoid bans.
[15:16:03] [COIN/ERR] startup failed for COSUSDT on get open orders APIError(code=-1003): Way too much request weight used; IP banned until 1631459867344. Please use the websocket for live updates to avoid bans.
[15:16:07] [COIN/ERR] startup failed for REPUSDT on get open orders APIError(code=-1003): Way too much request weight used; IP banned until 1631459867344. Please use the websocket for live updates to avoid bans.
[15:16:10] [COIN/ERR] startup failed for DATAUSDT on get open orders APIError(code=-1003): Way too much request weight used; IP banned until 1631459867344. Please use the websocket for live updates to avoid bans.
[15:16:13] [COIN/ERR] startup failed for SKLUSDT on get open orders APIError(code=-1003): Way too much request weight used; IP banned until 1631459867344. Please use the websocket for live updates to avoid bans.
[15:16:16] [COIN/ERR] startup failed for GXSUSDT on get open orders APIError(code=-1003): Way too much request weight used; IP banned until 1631459867344. Please use the websocket for live updates to avoid bans.
[15:16:19] [COIN/ERR] startup failed for NMRUSDT on get open orders APIError(code=-1003): Way too much request weight used; IP banned until 1631459867344. Please use the websocket for live updates to avoid bans.
[15:16:23] [COIN/ERR] startup failed for RUNEEUR on get open orders APIError(code=-1003): Way too much request weight used; IP banned until 1631459867344. Please use the websocket for live updates to avoid bans.
[15:16:26] [COIN/ERR] startup failed for ROSEUSDT on get open orders APIError(code=-1003): Way too much request weight used; IP banned until 1631459867344. Please use the websocket for live updates to avoid bans.
[15:16:29] [COIN/ERR] startup failed for MDTUSDT on get open orders APIError(code=-1003): Way too much request weight used; IP banned until 1631459867344. Please use the websocket for live updates to avoid bans.
[15:16:32] [COIN/ERR] startup failed for BATUSDT on get open orders APIError(code=-1003): Way too much request weight used; IP banned until 1631459867344. Please use the websocket for live updates to avoid bans.
[15:16:35] [COIN/ERR] startup failed for OGUSDT on get open orders APIError(code=-1003): Way too much request weight used; IP banned until 1631459867344. Please use the websocket for live updates to avoid bans.
[15:16:39] [COIN/ERR] startup failed for REEFUSDT on get open orders APIError(code=-1003): Way too much request weight used; IP banned until 1631459867344. Please use the websocket for live updates to avoid bans.
[15:16:42] [COIN/ERR] startup failed for FIROUSDT on get open orders APIError(code=-1003): Way too much request weight used; IP banned until 1631459867344. Please use the websocket for live updates to avoid bans.
[15:16:45] [COIN/ERR] startup failed for KNCUSDT on get open orders APIError(code=-1003): Way too much request weight used; IP banned until 1631459867344. Please use the websocket for live updates to avoid bans.
[15:16:49] [COIN/ERR] startup failed for FUNUSDT on get open orders APIError(code=-1003): Way too much request weight used; IP banned until 1631459867344. Please use the websocket for live updates to avoid bans.
[15:16:52] [COIN/ERR] startup failed for BELUSDT on get open orders APIError(code=-1003): Way too much request weight used; IP banned until 1631459867344. Please use the websocket for live updates to avoid bans.
[15:16:55] [COIN/ERR] startup failed for SUSHIUSDT on get open orders APIError(code=-1003): Way too much request weight used; IP banned until 1631459867344. Please use the websocket for live updates to avoid bans.
[15:16:58] [COIN/ERR] startup failed for QTUMUSDT on get open orders APIError(code=-1003): Way too much request weight used; IP banned until 1631459867344. Please use the websocket for live updates to avoid bans.
[15:17:01] [COIN/ERR] startup failed for ALGOUSDT on get open orders APIError(code=-1003): Way too much request weight used; IP banned until 1631459867344. Please use the websocket for live updates to avoid bans.
[15:17:04] [COIN/ERR] startup failed for FIOUSDT on get open orders APIError(code=-1003): Way too much request weight used; IP banned until 1631459867344. Please use the websocket for live updates to avoid bans.
[15:17:08] [COIN/ERR] startup failed for ZRXUSDT on get open orders APIError(code=-1003): Way too much request weight used; IP banned until 1631459867344. Please use the websocket for live updates to avoid bans.
[15:17:11] [COIN/ERR] startup failed for DODOUSDT on get open orders APIError(code=-1003): Way too much request weight used; IP banned until 1631459867344. Please use the websocket for live updates to avoid bans.
[15:17:14] [COIN/ERR] startup failed for ICPUSDT on get open orders APIError(code=-1003): Way too much request weight used; IP banned until 1631459867344. Please use the websocket for live updates to avoid bans.
[15:17:17] [COIN/ERR] startup failed for ANTUSDT on get open orders APIError(code=-1003): Way too much request weight used; IP banned until 1631459867344. Please use the websocket for live updates to avoid bans.
[15:17:20] [COIN/ERR] startup failed for CHRUSDT on get open orders APIError(code=-1003): Way too much request weight used; IP banned until 1631459867344. Please use the websocket for live updates to avoid bans.
[15:17:24] [COIN/ERR] startup failed for FTMUSDT on get open orders APIError(code=-1003): Way too much request weight used; IP banned until 1631459867344. Please use the websocket for live updates to avoid bans.
[15:17:27] [COIN/ERR] startup failed for GTOUSDT on get open orders APIError(code=-1003): Way too much request weight used; IP banned until 1631459867344. Please use the websocket for live updates to avoid bans.
[15:17:30] [COIN/ERR] startup failed for FORTHUSDT on get open orders APIError(code=-1003): Way too much request weight used; IP banned until 1631459867344. Please use the websocket for live updates to avoid bans.
[15:17:33] [COIN/ERR] startup failed for COMPUSDT on get open orders APIError(code=-1003): Way too much request weight used; IP banned until 1631459867344. Please use the websocket for live updates to avoid bans.
[15:17:36] [COIN/ERR] startup failed for HNTUSDT on get open orders APIError(code=-1003): Way too much request weight used; IP banned until 1631459867344. Please use the websocket for live updates to avoid bans.
[15:17:40] [COIN/ERR] startup failed for ONEUSDT on get open orders APIError(code=-1003): Way too much request weight used; IP banned until 1631459867344. Please use the websocket for live updates to avoid bans.
[15:17:43] [COIN/ERR] startup failed for WANUSDT on get open orders APIError(code=-1003): Way too much request weight used; IP banned until 1631459867344. Please use the websocket for live updates to avoid bans.
[15:17:46] [COIN/ERR] startup failed for TRUUSDT on get open orders APIError(code=-1003): Way too much request weight used; IP banned until 1631459867344. Please use the websocket for live updates to avoid bans.
[15:18:40] [COIN/ERR] startup failed for AXSUSDT on get open orders APIError(code=-1003): Too much request weight used; current limit is 1200 request weight per 1 MINUTE. Please use the websocket for live updates to avoid polling the API.
[15:18:44] [COIN/ERR] startup failed for 1INCHUSDT on get open orders APIError(code=-1003): Too much request weight used; current limit is 1200 request weight per 1 MINUTE. Please use the websocket for live updates to avoid polling the API.
[15:18:47] [COIN/ERR] startup failed for CKBUSDT on get open orders APIError(code=-1003): Too much request weight used; current limit is 1200 request weight per 1 MINUTE. Please use the websocket for live updates to avoid polling the API.
[15:18:50] [COIN/ERR] startup failed for BTTUSDT on get open orders APIError(code=-1003): Way too much request weight used; IP banned until 1631460288232. Please use the websocket for live updates to avoid bans.
[15:18:53] [COIN/ERR] startup failed for ATMUSDT on get open orders APIError(code=-1003): Way too much request weight used; IP banned until 1631460288232. Please use the websocket for live updates to avoid bans.
[15:18:56] [COIN/ERR] startup failed for IRISUSDT on get open orders APIError(code=-1003): Way too much request weight used; IP banned until 1631460288232. Please use the websocket for live updates to avoid bans.
[15:19:00] [COIN/ERR] startup failed for SNXUSDT on get open orders APIError(code=-1003): Way too much request weight used; IP banned until 1631460288232. Please use the websocket for live updates to avoid bans.
[15:19:03] [COIN/ERR] startup failed for AIONUSDT on get open orders APIError(code=-1003): Way too much request weight used; IP banned until 1631460288232. Please use the websocket for live updates to avoid bans.
[15:19:06] [COIN/ERR] startup failed for TLMUSDT on get open orders APIError(code=-1003): Way too much request weight used; IP banned until 1631460288232. Please use the websocket for live updates to avoid bans.
[15:19:10] [COIN/ERR] startup failed for VETUSDT on get open orders APIError(code=-1003): Way too much request weight used; IP banned until 1631460288232. Please use the websocket for live updates to avoid bans.
[15:19:13] [COIN/ERR] startup failed for CTSIUSDT on get open orders APIError(code=-1003): Way too much request weight used; IP banned until 1631460288232. Please use the websocket for live updates to avoid bans.
[15:19:16] [COIN/ERR] startup failed for BZRXUSDT on get open orders APIError(code=-1003): Way too much request weight used; IP banned until 1631460288232. Please use the websocket for live updates to avoid bans.
[15:19:19] [COIN/ERR] startup failed for CTXCUSDT on get open orders APIError(code=-1003): Way too much request weight used; IP banned until 1631460288232. Please use the websocket for live updates to avoid bans.
[15:19:22] [COIN/ERR] startup failed for WAVESUSDT on get open orders APIError(code=-1003): Way too much request weight used; IP banned until 1631460288232. Please use the websocket for live updates to avoid bans.
[15:19:25] [COIN/ERR] startup failed for XVGUSDT on get open orders APIError(code=-1003): Way too much request weight used; IP banned until 1631460288232. Please use the websocket for live updates to avoid bans.
[15:19:28] [COIN/ERR] startup failed for AKROUSDT on get open orders APIError(code=-1003): Way too much request weight used; IP banned until 1631460288232. Please use the websocket for live updates to avoid bans.
[15:19:32] [COIN/ERR] startup failed for ONTUSDT on get open orders APIError(code=-1003): Way too much request weight used; IP banned until 1631460288232. Please use the websocket for live updates to avoid bans.
[15:19:35] [COIN/ERR] startup failed for DUSKUSDT on get open orders APIError(code=-1003): Way too much request weight used; IP banned until 1631460288232. Please use the websocket for live updates to avoid bans.
[15:19:38] [COIN/ERR] startup failed for ALICEUSDT on get open orders APIError(code=-1003): Way too much request weight used; IP banned until 1631460288232. Please use the websocket for live updates to avoid bans.
[15:19:41] [COIN/ERR] startup failed for NULSUSDT on get open orders APIError(code=-1003): Way too much request weight used; IP banned until 1631460288232. Please use the websocket for live updates to avoid bans.
[15:19:44] [COIN/ERR] startup failed for MDXUSDT on get open orders APIError(code=-1003): Way too much request weight used; IP banned until 1631460288232. Please use the websocket for live updates to avoid bans.
[15:19:48] [COIN/ERR] startup failed for COTIUSDT on get open orders APIError(code=-1003): Way too much request weight used; IP banned until 1631460288232. Please use the websocket for live updates to avoid bans.
[15:19:51] [COIN/ERR] startup failed for ZILUSDT on get open orders APIError(code=-1003): Way too much request weight used; IP banned until 1631460288232. Please use the websocket for live updates to avoid bans.
[15:19:54] [COIN/ERR] startup failed for ORNUSDT on get open orders APIError(code=-1003): Way too much request weight used; IP banned until 1631460288232. Please use the websocket for live updates to avoid bans.
[15:19:57] [COIN/ERR] startup failed for ICXUSDT on get open orders APIError(code=-1003): Way too much request weight used; IP banned until 1631460288232. Please use the websocket for live updates to avoid bans.
[15:20:00] [COIN/ERR] startup failed for XMRUSDT on get open orders APIError(code=-1003): Way too much request weight used; IP banned until 1631460288232. Please use the websocket for live updates to avoid bans.
[15:20:04] [COIN/ERR] startup failed for AUTOUSDT on get open orders APIError(code=-1003): Way too much request weight used; IP banned until 1631460288232. Please use the websocket for live updates to avoid bans.
[15:20:07] [COIN/ERR] startup failed for STORMUSDT on get open orders APIError(code=-1003): Way too much request weight used; IP banned until 1631460288232. Please use the websocket for live updates to avoid bans.
[15:20:10] [COIN/ERR] startup failed for VTHOUSDT on get open orders APIError(code=-1003): Way too much request weight used; IP banned until 1631460288232. Please use the websocket for live updates to avoid bans.
[15:20:13] [COIN/ERR] startup failed for MITHUSDT on get open orders APIError(code=-1003): Way too much request weight used; IP banned until 1631460288232. Please use the websocket for live updates to avoid bans.
[15:20:17] [COIN/ERR] startup failed for IOSTUSDT on get open orders APIError(code=-1003): Way too much request weight used; IP banned until 1631460288232. Please use the websocket for live updates to avoid bans.
[15:20:20] [COIN/ERR] startup failed for BTCSTUSDT on get open orders APIError(code=-1003): Way too much request weight used; IP banned until 1631460288232. Please use the websocket for live updates to avoid bans.
[15:20:23] [COIN/ERR] startup failed for PHAUSDT on get open orders APIError(code=-1003): Way too much request weight used; IP banned until 1631460288232. Please use the websocket for live updates to avoid bans.
[15:20:26] [COIN/ERR] startup failed for BAKEUSDT on get open orders APIError(code=-1003): Way too much request weight used; IP banned until 1631460288232. Please use the websocket for live updates to avoid bans.
[15:20:29] [COIN/ERR] startup failed for NUUSDT on get open orders APIError(code=-1003): Way too much request weight used; IP banned until 1631460288232. Please use the websocket for live updates to avoid bans.
[15:21:00] [COIN/ERR] startup failed for IOTAUSDT on get open orders APIError(code=-1003): Way too much request weight used; IP banned until 1631460288232. Please use the websocket for live updates to avoid bans.
[15:21:30] [COIN/ERR] startup failed for HBARUSDT on get open orders APIError(code=-1003): Way too much request weight used; IP banned until 1631460288232. Please use the websocket for live updates to avoid bans.
[15:21:44] [COIN/ERR] startup failed for POLSUSDT on get open orders APIError(code=-1003): Way too much request weight used; IP banned until 1631460288232. Please use the websocket for live updates to avoid bans.
[15:21:47] [COIN/ERR] startup failed for TOMOUSDT on get open orders APIError(code=-1003): Way too much request weight used; IP banned until 1631460288232. Please use the websocket for live updates to avoid bans.
[15:21:51] [COIN/ERR] startup failed for NPXSUSDT on get open orders APIError(code=-1003): Way too much request weight used; IP banned until 1631460288232. Please use the websocket for live updates to avoid bans.
[15:21:54] [COIN/ERR] startup failed for USDSUSDT on get open orders APIError(code=-1003): Way too much request weight used; IP banned until 1631460288232. Please use the websocket for live updates to avoid bans.
[15:21:57] [COIN/ERR] startup failed for STXUSDT on get open orders APIError(code=-1003): Way too much request weight used; IP banned until 1631460288232. Please use the websocket for live updates to avoid bans.
[15:22:00] [COIN/ERR] startup failed for BARUSDT on get open orders APIError(code=-1003): Way too much request weight used; IP banned until 1631460288232. Please use the websocket for live updates to avoid bans.
[15:22:03] [COIN/ERR] startup failed for DIAUSDT on get open orders APIError(code=-1003): Way too much request weight used; IP banned until 1631460288232. Please use the websocket for live updates to avoid bans.
[15:22:07] [COIN/ERR] startup failed for RSRUSDT on get open orders APIError(code=-1003): Way too much request weight used; IP banned until 1631460288232. Please use the websocket for live updates to avoid bans.
[15:22:10] [COIN/ERR] startup failed for RAMPUSDT on get open orders APIError(code=-1003): Way too much request weight used; IP banned until 1631460288232. Please use the websocket for live updates to avoid bans.
[15:22:13] [COIN/ERR] startup failed for CRVUSDT on get open orders APIError(code=-1003): Way too much request weight used; IP banned until 1631460288232. Please use the websocket for live updates to avoid bans.
[15:22:16] [COIN/ERR] startup failed for VENUSDT on get open orders APIError(code=-1003): Way too much request weight used; IP banned until 1631460288232. Please use the websocket for live updates to avoid bans.
[15:22:20] [COIN/ERR] startup failed for DEXEUSDT on get open orders APIError(code=-1003): Way too much request weight used; IP banned until 1631460288232. Please use the websocket for live updates to avoid bans.
[15:22:23] [COIN/ERR] startup failed for TRBUSDT on get open orders APIError(code=-1003): Way too much request weight used; IP banned until 1631460288232. Please use the websocket for live updates to avoid bans.
[15:22:26] [COIN/ERR] startup failed for TROYUSDT on get open orders APIError(code=-1003): Way too much request weight used; IP banned until 1631460288232. Please use the websocket for live updates to avoid bans.
[15:22:29] [COIN/ERR] startup failed for QUICKUSDT on get open orders APIError(code=-1003): Way too much request weight used; IP banned until 1631460288232. Please use the websocket for live updates to avoid bans.
[15:22:32] [COIN/ERR] startup failed for ALPACAUSDT on get open orders APIError(code=-1003): Way too much request weight used; IP banned until 1631460288232. Please use the websocket for live updates to avoid bans.
[15:22:36] [COIN/ERR] startup failed for FARMUSDT on get open orders APIError(code=-1003): Way too much request weight used; IP banned until 1631460288232. Please use the websocket for live updates to avoid bans.
[15:22:39] [COIN/ERR] startup failed for MINAUSDT on get open orders APIError(code=-1003): Way too much request weight used; IP banned until 1631460288232. Please use the websocket for live updates to avoid bans.
[15:22:42] [COIN/ERR] startup failed for RAYUSDT on get open orders APIError(code=-1003): Way too much request weight used; IP banned until 1631460288232. Please use the websocket for live updates to avoid bans.
[15:22:45] [COIN/ERR] startup failed for RVNUSDT on get open orders APIError(code=-1003): Way too much request weight used; IP banned until 1631460288232. Please use the websocket for live updates to avoid bans.
[15:22:48] [COIN/ERR] startup failed for MBOXUSDT on get open orders APIError(code=-1003): Way too much request weight used; IP banned until 1631460288232. Please use the websocket for live updates to avoid bans.
[15:22:52] [COIN/ERR] startup failed for GHSTUSDT on get open orders APIError(code=-1003): Way too much request weight used; IP banned until 1631460288232. Please use the websocket for live updates to avoid bans.
[15:22:55] [COIN/ERR] startup failed for REQUSDT on get open orders APIError(code=-1003): Way too much request weight used; IP banned until 1631460288232. Please use the websocket for live updates to avoid bans.
[15:22:58] [COIN/ERR] startup failed for TRIBEUSDT on get open orders APIError(code=-1003): Way too much request weight used; IP banned until 1631460288232. Please use the websocket for live updates to avoid bans.
[15:23:01] [COIN/ERR] startup failed for FORUSDT on get open orders APIError(code=-1003): Way too much request weight used; IP banned until 1631460288232. Please use the websocket for live updates to avoid bans.
[15:23:04] [COIN/ERR] startup failed for WAXPUSDT on get open orders APIError(code=-1003): Way too much request weight used; IP banned until 1631460288232. Please use the websocket for live updates to avoid bans.
[15:23:08] [COIN/ERR] startup failed for SOLUSDT on get open orders APIError(code=-1003): Way too much request weight used; IP banned until 1631460288232. Please use the websocket for live updates to avoid bans.
[15:23:11] [COIN/ERR] startup failed for DOGEUSDT on get open orders APIError(code=-1003): Way too much request weight used; IP banned until 1631460288232. Please use the websocket for live updates to avoid bans.
[15:23:14] [COIN/ERR] startup failed for PNTUSDT on get open orders APIError(code=-1003): Way too much request weight used; IP banned until 1631460288232. Please use the websocket for live updates to avoid bans.
[15:23:17] [COIN/ERR] startup failed for BNTUSDT on get open orders APIError(code=-1003): Way too much request weight used; IP banned until 1631460288232. Please use the websocket for live updates to avoid bans.
[15:23:20] [COIN/ERR] startup failed for MTLUSDT on get open orders APIError(code=-1003): Way too much request weight used; IP banned until 1631460288232. Please use the websocket for live updates to avoid bans.
[15:23:24] [COIN/ERR] startup failed for LTCEUR on get open orders APIError(code=-1003): Way too much request weight used; IP banned until 1631460288232. Please use the websocket for live updates to avoid bans.
[15:23:27] [COIN/ERR] startup failed for ADAUSDT on get open orders APIError(code=-1003): Way too much request weight used; IP banned until 1631460288232. Please use the websocket for live updates to avoid bans.
[15:23:30] [COIN/ERR] startup failed for RENUSDT on get open orders APIError(code=-1003): Way too much request weight used; IP banned until 1631460288232. Please use the websocket for live updates to avoid bans.
[15:23:33] [COIN/ERR] startup failed for THETAUSDT on get open orders APIError(code=-1003): Way too much request weight used; IP banned until 1631460288232. Please use the websocket for live updates to avoid bans.
[15:23:36] [COIN/ERR] startup failed for LENDUSDT on get open orders APIError(code=-1003): Way too much request weight used; IP banned until 1631460288232. Please use the websocket for live updates to avoid bans.
[15:23:40] [COIN/ERR] startup failed for KLAYUSDT on get open orders APIError(code=-1003): Way too much request weight used; IP banned until 1631460288232. Please use the websocket for live updates to avoid bans.
[15:23:43] [COIN/ERR] startup failed for GNOUSDT on get open orders APIError(code=-1003): Way too much request weight used; IP banned until 1631460288232. Please use the websocket for live updates to avoid bans.
[15:23:46] [COIN/ERR] startup failed for DYDXUSDT on get open orders APIError(code=-1003): Way too much request weight used; IP banned until 1631460288232. Please use the websocket for live updates to avoid bans.
[15:23:50] [COIN/ERR] startup failed for POLYUSDT on get open orders APIError(code=-1003): Way too much request weight used; IP banned until 1631460288232. Please use the websocket for live updates to avoid bans.
[15:23:53] [COIN/ERR] startup failed for VIDTUSDT on get open orders APIError(code=-1003): Way too much request weight used; IP banned until 1631460288232. Please use the websocket for live updates to avoid bans.
[15:23:56] [COIN/ERR] startup failed for USDPUSDT on get open orders APIError(code=-1003): Way too much request weight used; IP banned until 1631460288232. Please use the websocket for live updates to avoid bans.
[15:23:59] [COIN/ERR] startup failed for ELFUSDT on get open orders APIError(code=-1003): Way too much request weight used; IP banned until 1631460288232. Please use the websocket for live updates to avoid bans.
[15:24:02] [COIN/ERR] startup failed for XECUSDT on get open orders APIError(code=-1003): Way too much request weight used; IP banned until 1631460288232. Please use the websocket for live updates to avoid bans.
[15:24:05] [COIN/ERR] startup failed for IDEXUSDT on get open orders APIError(code=-1003): Way too much request weight used; IP banned until 1631460288232. Please use the websocket for live updates to avoid bans.
